<?xml version="1.0" encoding="UTF-8"?>
<testsuite name="com.scaler.blogapp.BlogappApplicationTests" tests="1" skipped="0" failures="0" errors="0" timestamp="2024-10-26T14:04:26" hostname="Kaustubhs-MacBook-Air.local" time="0.294">
  <properties/>
  <testcase name="contextLoads()" classname="com.scaler.blogapp.BlogappApplicationTests" time="0.294"/>
  <system-out><![CDATA[19:34:24.218 [Test worker] INFO org.springframework.test.context.support.AnnotationConfigContextLoaderUtils -- Could not detect default configuration classes for test class [com.scaler.blogapp.BlogappApplicationTests]: BlogappApplicationTests does not declare any static, non-private, non-final, nested classes annotated with @Configuration.
19:34:24.265 [Test worker] INFO org.springframework.boot.test.context.SpringBootTestContextBootstrapper -- Found @SpringBootConfiguration com.scaler.blogapp.BlogappApplication for test class com.scaler.blogapp.BlogappApplicationTests

  .   ____          _            __ _ _
 /\\ / ___'_ __ _ _(_)_ __  __ _ \ \ \ \
( ( )\___ | '_ | '_| | '_ \/ _` | \ \ \ \
 \\/  ___)| |_)| | | | | || (_| |  ) ) ) )
  '  |____| .__|_| |_|_| |_\__, | / / / /
 =========|_|==============|___/=/_/_/_/

 :: Spring Boot ::                (v3.3.4)

2024-10-26T19:34:24.435+05:30  INFO 2471 --- [    Test worker] c.s.blogapp.BlogappApplicationTests      : Starting BlogappApplicationTests using Java 17.0.9 with PID 2471 (started by kaustubhdixit in /Users/kaustubhdixit/Desktop/ScalerProject/blogapp)
2024-10-26T19:34:24.436+05:30  INFO 2471 --- [    Test worker] c.s.blogapp.BlogappApplicationTests      : No active profile set, falling back to 1 default profile: "default"
2024-10-26T19:34:24.770+05:30  INFO 2471 --- [    Test worker] .s.d.r.c.RepositoryConfigurationDelegate : Bootstrapping Spring Data JPA repositories in DEFAULT mode.
2024-10-26T19:34:24.796+05:30  INFO 2471 --- [    Test worker] .s.d.r.c.RepositoryConfigurationDelegate : Finished Spring Data repository scanning in 23 ms. Found 3 JPA repository interfaces.
2024-10-26T19:34:25.007+05:30  INFO 2471 --- [    Test worker] o.hibernate.jpa.internal.util.LogHelper  : HHH000204: Processing PersistenceUnitInfo [name: default]
2024-10-26T19:34:25.029+05:30  INFO 2471 --- [    Test worker] org.hibernate.Version                    : HHH000412: Hibernate ORM core version 6.5.3.Final
2024-10-26T19:34:25.043+05:30  INFO 2471 --- [    Test worker] o.h.c.internal.RegionFactoryInitiator    : HHH000026: Second-level cache disabled
2024-10-26T19:34:25.159+05:30  INFO 2471 --- [    Test worker] o.s.o.j.p.SpringPersistenceUnitInfo      : No LoadTimeWeaver setup: ignoring JPA class transformer
2024-10-26T19:34:25.171+05:30  INFO 2471 --- [    Test worker] com.zaxxer.hikari.HikariDataSource       : HikariPool-1 - Starting...
2024-10-26T19:34:25.265+05:30  INFO 2471 --- [    Test worker] com.zaxxer.hikari.pool.HikariPool        : HikariPool-1 - Added connection conn0: url=jdbc:h2:file:./test user=
2024-10-26T19:34:25.266+05:30  INFO 2471 --- [    Test worker] com.zaxxer.hikari.HikariDataSource       : HikariPool-1 - Start completed.
2024-10-26T19:34:25.667+05:30  INFO 2471 --- [    Test worker] o.h.e.t.j.p.i.JtaPlatformInitiator       : HHH000489: No JTA platform available (set 'hibernate.transaction.jta.platform' to enable JTA platform integration)
2024-10-26T19:34:25.683+05:30  INFO 2471 --- [    Test worker] j.LocalContainerEntityManagerFactoryBean : Initialized JPA EntityManagerFactory for persistence unit 'default'
2024-10-26T19:34:25.892+05:30  WARN 2471 --- [    Test worker] JpaBaseConfiguration$JpaWebConfiguration : spring.jpa.open-in-view is enabled by default. Therefore, database queries may be performed during view rendering. Explicitly configure spring.jpa.open-in-view to disable this warning
2024-10-26T19:34:25.904+05:30  WARN 2471 --- [    Test worker] .s.s.UserDetailsServiceAutoConfiguration : 

Using generated security password: 91a8068b-b040-4997-9291-3de178682e88

This generated password is for development use only. Your security configuration must be updated before running your application in production.

2024-10-26T19:34:25.907+05:30  INFO 2471 --- [    Test worker] r$InitializeUserDetailsManagerConfigurer : Global AuthenticationManager configured with UserDetailsService bean with name inMemoryUserDetailsManager
2024-10-26T19:34:26.200+05:30  INFO 2471 --- [    Test worker] c.s.blogapp.BlogappApplicationTests      : Started BlogappApplicationTests in 1.865 seconds (process running for 2.428)
]]></system-out>
  <system-err><![CDATA[]]></system-err>
</testsuite>
